--------------------------------------
Running PBS prologue script
--------------------------------------
User and Job Data:
--------------------------------------
Job ID:    704338.qb3
Username:  cobhalla
Group:     latechusers
Date:      08-Oct-2019 17:07
Node:      qb030 (119051)
--------------------------------------
PBS has allocated the following nodes:

qb030

A total of 20 processors on 1 nodes allocated
---------------------------------------------
Check nodes and clean them of stray processes
---------------------------------------------
Checking node qb030 17:07:32 
Done clearing all the allocated nodes
------------------------------------------------------
Concluding PBS prologue script - 08-Oct-2019 17:07:32
------------------------------------------------------
MPI run with 4 processes.
Message at proc# 0:Hello, Cob from #0!

Message at proc# 1:Hello, Cob from #0!

Message at proc# 2:Hello, Cob from #0!

Message at proc# 3:Hello, Cob from #0!

Time elapsed is 0.000088 seconds.
MPI run with 8 processes.
Message at proc# 0:Hello, Cob from #0!

Message at proc# 1:Hello, Cob from #0!

Message at proc# 2:Hello, Cob from #0!

Message at proc# 3:Hello, Cob from #0!

Message at proc# 4:Hello, Cob from #0!

Message at proc# 5:Hello, Cob from #0!

Message at proc# 6:Hello, Cob from #0!

Message at proc# 7:Hello, Cob from #0!

Time elapsed is 0.000117 seconds.
------------------------------------------------------
Running PBS epilogue script    - 08-Oct-2019 17:07:33
------------------------------------------------------
Checking node qb030 (MS)
Checking node qb030 ok
------------------------------------------------------
Concluding PBS epilogue script - 08-Oct-2019 17:07:35
------------------------------------------------------
Exit Status:     0
Job ID:          704338.qb3
Username:        cobhalla
Group:           latechusers
Job Name:        myjob-
Session Id:      119050
Resource Limits: ncpus=1,neednodes=1:ppn=20,nodes=1:ppn=20,walltime=03:00:00
Resources Used:  cput=00:00:03,mem=0kb,vmem=0kb,walltime=00:00:03
Queue Used:      workq
Account String:  loni_cyen405
Node:            qb030
Process id:      119685
------------------------------------------------------
