--------------------------------------
Running PBS prologue script
--------------------------------------
User and Job Data:
--------------------------------------
Job ID:    704310.qb3
Username:  cobhalla
Group:     latechusers
Date:      08-Oct-2019 16:43
Node:      qb030 (94281)
--------------------------------------
PBS has allocated the following nodes:

qb030

A total of 20 processors on 1 nodes allocated
---------------------------------------------
Check nodes and clean them of stray processes
---------------------------------------------
Checking node qb030 16:43:28 
Done clearing all the allocated nodes
------------------------------------------------------
Concluding PBS prologue script - 08-Oct-2019 16:43:28
------------------------------------------------------
MPI run with 4 processes.
Local sum on process# 1 is 0.009533.
Local sum on process# 3 is 0.009529.
Local sum on process# 2 is 0.009516.
Local sum on process# 0 is 0.009550.
Time elapsed is 0.009550 secs.
Total sum is 0.038128.
MPI run with 8 processes.
Local sum on process# 5 is 0.010374.
Local sum on process# 1 is 0.010308.
Local sum on process# 7 is 0.010373.
Local sum on process# 6 is 0.010512.
Local sum on process# 4 is 0.010329.
Local sum on process# 3 is 0.010546.
Local sum on process# 2 is 0.010530.
Local sum on process# 0 is 0.010553.
Time elapsed is 0.010553 secs.
Total sum is 0.083525.
------------------------------------------------------
Running PBS epilogue script    - 08-Oct-2019 16:43:29
------------------------------------------------------
Checking node qb030 (MS)
Checking node qb030 ok
------------------------------------------------------
Concluding PBS epilogue script - 08-Oct-2019 16:43:31
------------------------------------------------------
Exit Status:     0
Job ID:          704310.qb3
Username:        cobhalla
Group:           latechusers
Job Name:        myjob-
Session Id:      94280
Resource Limits: ncpus=1,neednodes=1:ppn=20,nodes=1:ppn=20,walltime=03:00:00
Resources Used:  cput=00:00:04,mem=0kb,vmem=0kb,walltime=00:00:03
Queue Used:      workq
Account String:  loni_cyen405
Node:            qb030
Process id:      94915
------------------------------------------------------
