--------------------------------------
Running PBS prologue script
--------------------------------------
User and Job Data:
--------------------------------------
Job ID:    702651.qb3
Username:  cobhalla
Group:     latechusers
Date:      03-Oct-2019 16:53
Node:      qb031 (52253)
--------------------------------------
PBS has allocated the following nodes:

qb031

A total of 20 processors on 1 nodes allocated
---------------------------------------------
Check nodes and clean them of stray processes
---------------------------------------------
Checking node qb031 16:53:02 
Done clearing all the allocated nodes
------------------------------------------------------
Concluding PBS prologue script - 03-Oct-2019 16:53:02
------------------------------------------------------
Time elapsed is 0.020000 secs.
Total sum is 505022753.000000.
------------------------------------------------------
Running PBS epilogue script    - 03-Oct-2019 16:53:02
------------------------------------------------------
Checking node qb031 (MS)
Checking node qb031 ok
------------------------------------------------------
Concluding PBS epilogue script - 03-Oct-2019 16:53:04
------------------------------------------------------
Exit Status:     0
Job ID:          702651.qb3
Username:        cobhalla
Group:           latechusers
Job Name:        myjob-
Session Id:      52252
Resource Limits: ncpus=1,neednodes=1:ppn=20,nodes=1:ppn=20,walltime=03:00:00
Resources Used:  cput=00:00:00,mem=0kb,vmem=0kb,walltime=00:00:02
Queue Used:      workq
Account String:  loni_cyen405
Node:            qb031
Process id:      52844
------------------------------------------------------
